Feb 12, 2025 10:58:45 AM org.apache.karaf.main.Main launch
INFO: Installing and starting initial bundles
Feb 12, 2025 10:58:45 AM org.apache.karaf.main.Main launch
INFO: All initial bundles installed and set to start
Feb 12, 2025 10:58:45 AM org.apache.karaf.main.Main$KarafLockCallback lockAcquired
INFO: Lock acquired. Setting startlevel to 100
Feb 12, 2025 11:29:42 AM org.apache.karaf.main.Main launch
INFO: Installing and starting initial bundles
Feb 12, 2025 11:29:43 AM org.apache.karaf.main.Main launch
INFO: All initial bundles installed and set to start
Feb 12, 2025 11:29:43 AM org.apache.karaf.main.Main$KarafLockCallback lockAcquired
INFO: Lock acquired. Setting startlevel to 100
Feb 12, 2025 11:51:32 AM org.apache.karaf.main.Main launch
INFO: Installing and starting initial bundles
Feb 12, 2025 11:51:32 AM org.apache.karaf.main.Main launch
INFO: All initial bundles installed and set to start
Feb 12, 2025 11:51:33 AM org.apache.karaf.main.Main$KarafLockCallback lockAcquired
INFO: Lock acquired. Setting startlevel to 100
Feb 12, 2025 5:10:06 PM org.apache.karaf.main.Main launch
INFO: Installing and starting initial bundles
Feb 12, 2025 5:10:06 PM org.apache.karaf.main.Main launch
INFO: All initial bundles installed and set to start
Feb 12, 2025 5:10:06 PM org.apache.karaf.main.Main$KarafLockCallback lockAcquired
INFO: Lock acquired. Setting startlevel to 100
Feb 12, 2025 5:19:15 PM org.apache.karaf.main.Main launch
INFO: Installing and starting initial bundles
Feb 12, 2025 5:19:16 PM org.apache.karaf.main.Main launch
INFO: All initial bundles installed and set to start
Feb 12, 2025 5:19:16 PM org.apache.karaf.main.Main$KarafLockCallback lockAcquired
INFO: Lock acquired. Setting startlevel to 100
Feb 13, 2025 9:22:39 AM org.apache.karaf.main.Main launch
INFO: Installing and starting initial bundles
Feb 13, 2025 9:22:40 AM org.apache.karaf.main.Main launch
INFO: All initial bundles installed and set to start
Feb 13, 2025 9:22:40 AM org.apache.karaf.main.Main$KarafLockCallback lockAcquired
INFO: Lock acquired. Setting startlevel to 100
